disk- ------------reads------------ ------------writes----------- -----IO------
       total merged sectors      ms  total merged sectors      ms    cur    sec
ram0       0      0       0       0      0      0       0       0      0      0
ram1       0      0       0       0      0      0       0       0      0      0
ram2       0      0       0       0      0      0       0       0      0      0
ram3       0      0       0       0      0      0       0       0      0      0
ram4       0      0       0       0      0      0       0       0      0      0
ram5       0      0       0       0      0      0       0       0      0      0
ram6       0      0       0       0      0      0       0       0      0      0
ram7       0      0       0       0      0      0       0       0      0      0
ram8       0      0       0       0      0      0       0       0      0      0
ram9       0      0       0       0      0      0       0       0      0      0
ram10      0      0       0       0      0      0       0       0      0      0
ram11      0      0       0       0      0      0       0       0      0      0
ram12      0      0       0       0      0      0       0       0      0      0
ram13      0      0       0       0      0      0       0       0      0      0
ram14      0      0       0       0      0      0       0       0      0      0
ram15      0      0       0       0      0      0       0       0      0      0
loop0      0      0       0       0      0      0       0       0      0      0
loop1      0      0       0       0      0      0       0       0      0      0
loop2      0      0       0       0      0      0       0       0      0      0
loop3      0      0       0       0      0      0       0       0      0      0
loop4      0      0       0       0      0      0       0       0      0      0
disk- ------------reads------------ ------------writes----------- -----IO------
       total merged sectors      ms  total merged sectors      ms    cur    sec
loop5      0      0       0       0      0      0       0       0      0      0
loop6      0      0       0       0      0      0       0       0      0      0
loop7      0      0       0       0      0      0       0       0      0      0
sda   262816 152801 19616712 4536476 177423 499989 39586104 20967128      0   1416
sr0        0      0       0       0      0      0       0       0      0      0
