disk- ------------reads------------ ------------writes----------- -----IO------
       total merged sectors      ms  total merged sectors      ms    cur    sec
ram0       0      0       0       0      0      0       0       0      0      0
ram1       0      0       0       0      0      0       0       0      0      0
ram2       0      0       0       0      0      0       0       0      0      0
ram3       0      0       0       0      0      0       0       0      0      0
ram4       0      0       0       0      0      0       0       0      0      0
ram5       0      0       0       0      0      0       0       0      0      0
ram6       0      0       0       0      0      0       0       0      0      0
ram7       0      0       0       0      0      0       0       0      0      0
ram8       0      0       0       0      0      0       0       0      0      0
ram9       0      0       0       0      0      0       0       0      0      0
ram10      0      0       0       0      0      0       0       0      0      0
ram11      0      0       0       0      0      0       0       0      0      0
ram12      0      0       0       0      0      0       0       0      0      0
ram13      0      0       0       0      0      0       0       0      0      0
ram14      0      0       0       0      0      0       0       0      0      0
ram15      0      0       0       0      0      0       0       0      0      0
loop0      0      0       0       0      0      0       0       0      0      0
loop1      0      0       0       0      0      0       0       0      0      0
loop2      0      0       0       0      0      0       0       0      0      0
loop3      0      0       0       0      0      0       0       0      0      0
loop4      0      0       0       0      0      0       0       0      0      0
disk- ------------reads------------ ------------writes----------- -----IO------
       total merged sectors      ms  total merged sectors      ms    cur    sec
loop5      0      0       0       0      0      0       0       0      0      0
loop6      0      0       0       0      0      0       0       0      0      0
loop7      0      0       0       0      0      0       0       0      0      0
sda   271729 153642 19903664 4592444 179739 503194 39885824 21070024      0   1445
sr0        0      0       0       0      0      0       0       0      0      0
