procs -----------memory---------- ---swap-- -----io---- -system-- ------cpu-----
 r  b   swpd   free   buff  cache   si   so    bi    bo   in   cs us sy id wa st
 0  1 537284 162892  32276 1809852   12   20   142   286  248  535 25  3 70  2  0
 1  0 537284 180060  33076 1791700   12    0   347   182  395 1310 10  1 87  2  0
 1  0 537196 177120  33136 1791116   11    0    29   140  433 1741 12  1 86  1  0
 3  0 536872 174792  34740 1786436   69    0   477   210  710 2373 16  2 79  3  0
 0  0 536868 167132  34800 1785588    0    0     0   191  552 1239 10  1 89  0  0
 0  0 536868 178072  34820 1777776    0    0     2   117  397 1369 11  1 88  0  0
 0  0 536868 188052  34860 1777616    0    0     0   200  312 1011  9  1 90  0  0
 6  0 536680 139620  34936 1800968   15    0    36   132  794 3173 26  3 71  0  0
 0  0 536656 171744  34952 1775712    2    0     2   167  449 1485  9  1 90  0  0
 1  1 536656 165740  35400 1772224    0    0   393    23  380 1476  8  1 90  1  0
 3  0 536656 149244  35484 1783288    0    0   185   393  414 1583 11  2 86  1  0
 3  1 536276 161268  35600 1785288   38    0    41   265  965 4195 25  3 71  1  0
 2  0 536244 110016  36196 1794164    3    0   141   440 1297 5495 42  3 53  2  0
 1  0 535656 189520  36372 1752272   55    0   169   341  719 2419 21  2 73  4  0
 0  0 535284 208652  36388 1768976   20    0    29   249  401 2025 10  1 88  0  0
 0  0 535004 224440  36552 1748628   27    0    36   554  432 1592  7  2 90  1  0
 0  0 534988 220376  36588 1745844    0    0     1   205  485 1922  7  3 90  0  0
procs -----------memory---------- ---swap-- -----io---- -system-- ------cpu-----
 r  b   swpd   free   buff  cache   si   so    bi    bo   in   cs us sy id wa st
 1  0 534984 218892  36588 1746440   12   20   141   283  246  535 25  3 70  2  0
 0  0 534984 216276  36604 1746692    0    0     0    22  344 1312  4  2 94  0  0
 1  0 534984 209212  36604 1750800    0    0     0    22  363 1589  6  2 92  0  0
 2  1 534984 199308  36676 1757552    1    0     2   265  682 3168 22  3 74  1  0
 2  0 534984 201800  36692 1744596    1    0     2   273  746 2967 23  3 73  1  0
 0  0 534944 243512  37056 1736740   22    0    90   341  930 3412 24  3 71  2  0
 0  0 534368 247740  37080 1737872   41    0    41   264 1175 2619 12  3 85  0  0
procs -----------memory---------- ---swap-- -----io---- -system-- ------cpu-----
 r  b   swpd   free   buff  cache   si   so    bi    bo   in   cs us sy id wa st
 0  1 534368 231128  37112 1741236    0    0     0   143  355 2017  8  1 90  0  0
 1  0 534368 227112  37160 1750776    0    0    28   286  685 3446 24  2 72  1  0
 0  0 534356 243060  37176 1737440    1    0    23   117  486 2108 16  2 82  0  0
 1  0 534336 252696  37192 1733544    0    0     0   210  510 1595 10  1 89  0  0
 0  0 534312 208156  37264 1742628    1    0     1   225  760 4248 30  3 67  1  0
 1  0 534300 223036  37332 1743440    0    0    16   388  776 3853 21  3 75  1  0
 0  0 534284 203444  37356 1760492    0    0     0   162  497 1972 14  2 84  0  0
 2  0 534220 223984  37396 1749652    2    0     3   255  567 3243 17  2 80  1  0
 2  0 534204 216788  37452 1753880    2    0     2   363  584 2921 18  2 78  1  0
 0  0 534172 219340  37476 1749612    3    0     3   152  393 1624  9  2 89  0  0
 0  0 534140 229264  37496 1749460    3    0     3    55  229  930  3  1 96  0  0
 0  0 534076 230696  37520 1742248    4    0     4    20  313 1506  7  1 91  0  0
 2  0 534012 190684  37624 1735680    4    0     7   399  796 3455 26  2 71  1  0
 1  0 533988 207564  37668 1736504    3    0     7   283  747 3183 22  2 75  1  0
 2  0 533940 198116  37732 1741576    4    0     4   221  853 4274 30  3 67  1  0
 1  0 533884 181748  37776 1741788    5    0    17   247  840 4406 26  3 70  1  0
 1  0 533840 218164  37800 1737760    3    0     3   447  677 2718 19  2 78  1  0
 0  0 533816 220280  37816 1735248    2    0     2   166  374 1187  6  1 93  0  0
 0  0 533580 181404  38256 1771988   19    0   121    21  290 1339  4  1 92  2  0
 0  0 533524 221524  38288 1730912    2    0     3    27  299 1236  6  1 92  0  0
procs -----------memory---------- ---swap-- -----io---- -system-- ------cpu-----
 r  b   swpd   free   buff  cache   si   so    bi    bo   in   cs us sy id wa st
 3  0 532968 192836  38460 1755160   12   19   138   278  244  538 25  3 70  2  0
 1  0 532888 194200  38476 1750776    7    0     7   215  210  685  2  1 97  0  0
 0  0 532844 190372  38492 1753192    5    0     8    20  406 1677 11  2 88  0  0
 0  0 532788 188120  38508 1754404    5    0     5    10  399 1601 10  2 88  0  0
 0  0 532684 206236  38620 1737524   11    0    11    98  585 1345  7  1 91  1  0
 0  0 532632 201628  38788 1738228    5    0     6   186  659 2056 11  2 86  1  0
 0  0 532584 206700  38820 1733812    4    0     4    47  281 1096  5  1 94  0  0
 0  0 530740 187372  42256 1743724   67    0  1163    68  483 1833  8  2 85  5  0
 1  0 530652 187572  42288 1741900    7    0     8    19  263  942  3  1 96  0  0
 0  0 530600 128524  43456 1807636    3    0  3689  2977  326  980  7  1 88  4  0
 0  0 530548 150676  43468 1801128    5    0     5    18  309  889  7  1 92  0  0
 1  0 530512 157496  43512 1800876    4    0     5    31  179  436  2  0 98  0  0
 1  0 530400 155264  43544 1801372   14    0    42    11  174  446  1  0 98  1  0
 1  0 530344 152288  43568 1801392    7    0     7    41  170  442  1  0 99  0  0
 0  0 530308 144832  43576 1803028    3    0     3    18  229  790  3  1 96  0  0
 0  1 530184 105976  46304 1785492   11    0  1938   228 1345 3514  8  3 83  6  0
 0  1 530064 122264  52352 1808248   10    0  1040  5382 2506 6628 15  6 65 13  0
 0  0 529996 195304  52388 1762076    3    0     3    34  537 1699 11  1 87  1  0
 0  0 529948 199696  52416 1760216    3    0     3    69  472 1706  7  1 92  0  0
 1  0 529468 177276  53024 1756624   93    0   376    40  601 1684 14  2 81  3  0
 0  0 529384 179812  53040 1751516    7    0    21    15  549 1770 11  2 88  0  0
procs -----------memory---------- ---swap-- -----io---- -system-- ------cpu-----
 r  b   swpd   free   buff  cache   si   so    bi    bo   in   cs us sy id wa st
 2  0 529332 145852  54436 1766172   12   19   137   275  242  536 25  3 70  2  0
procs -----------memory---------- ---swap-- -----io---- -system-- ------cpu-----
 r  b   swpd   free   buff  cache   si   so    bi    bo   in   cs us sy id wa st
 1  0 529304 139252  54452 1767692   10    0  1102    57  520 1949  6  2 89  3  0
 1  0 529280 151820  54460 1767816    3    0    12    44  404 1532  5  1 94  0  0
 1  0 529256 177276  54468 1743332    2    0    11    33  408 1541  4  1 94  0  0
 1  0 529112 189396  54476 1724936   11    0    11    25  444 1861  8  2 90  0  0
 0  0 529080 185956  54484 1725084   15    0    20     9  309 1352  6  1 93  0  0
 1  0 529012 184360  54492 1725020    9    0    14     7  261  851  3  1 97  0  0
 0  0 528992 187540  54500 1720776    6    0     6     3  256  904  2  1 97  0  0
 0  0 528952 174652  54508 1733152    6    0     6    14  238 1100  4  1 95  0  0
 1  0 528928 120656  54516 1787740    6    0  3633    40  338  931 11  1 87  0  0
 0  2 528904 125400  54532 1783240    2    0  7895  1498  451  551 18  1 77  5  0
 1  0 528784 129980  54540 1775292   12    0  5894  6193  549  493 13  1 57 29  0
 2  0 528772 114796  54556 1789172   14    0  6698  4726  587  763 17  1 56 26  0
 1  3 528736 141528  54560 1754880    5    0  6456  5558  834 2155 28  3 53 16  0
 1  0 528660 110620  54588 1795792   12    0  5738  5622  921 2955 31  3 48 18  0
 0  3 528632 126724  54600 1792268   13    0  7915  4055 1020 2608 31  3 55 12  0
 1  0 528620 115804  54612 1823096    4    0  5611  6121  946 2027 22  2 47 29  0
 0  2 528592 143500  54628 1791784    4    0  8034  3604  645 1441 20  2 56 22  0
 1  0 528576 115212  54636 1818704    5    0  6814  6215  643 1137 18  1 62 18  0
 2  0 529048 109352  54652 1823368    3   33  7214  4781  656  949 21  1 61 16  0
 0  4 530592 130412  54736 1801944    4  137  7378  4034  711 1260 24  2 59 14  0
 1  0 532148 122128  54916 1793128    5  211  3354  6209  867 1762 27  2 41 30  0
 2  0 532624 127292  55060 1785900    8  143  8126  2379 1001 2162 34  3 44 19  0
 1  0 532960 110716  55188 1801688   10   61 10230   343  869 2047 35  3 55  7  0
 2  0 532908 103340  55204 1810544   13   25 10650   209  789 1896 34  3 61  3  0
 2  0 533368 111660  55364 1754916   10   32  6997  1157 1013 2507 44  3 51  2  0
 5  0 536696 156548  55440 1677960    5  256   857  1477 1286 2969 58  3 36  3  0
 3  2 536680 150292  55456 1690692    5  224    66   541 1254 3054 60  4 35  2  0
 5  0 536660 140284  55732 1704788    3    0   105   325 1457 3890 63  4 30  2  0
 3  0 536640 177524  55764 1696404    1    0    84   591 1286 3125 53  3 41  3  0
 1  0 537336 185548  55788 1695804    9   53    73   565  930 2206 42  2 54  2  0
 2  0 537308 180940  55804 1707748   10   53    74   299 1073 2811 47  3 50  0  0
 1  0 537280 190488  55812 1698040    4    0     8   202  875 2046 41  2 57  0  0
 1  0 537264 197196  55828 1697496    3    0    13   255  556  965 30  1 69  0  0
 1  0 537244 183184  55836 1708300    2    0     8   245  605 1229 33  1 66  0  0
 1  0 537216 192376  55852 1698208    6    0     7    10  644 1316 34  1 64  0  0
 0  0 545120 140564  49808 1730380   10  529  6425   791  775 1942 25  2 63 10  0
 0  0 545100 175008  52484 1727420    8  529  6639  1002  829 2563 18  3 68 11  0
 1  0 545024 160732  52492 1741852   10    0   229   254  607 2194 15  2 81  1  0
 0  0 545000 164656  52504 1732816   10    0    11   151  419 1829  9  2 89  0  0
 0  0 544944 154860  52520 1730616    7    0   275   126  290 1355  4  1 94  1  0
 0  0 544928 144708  52548 1740700    7    0   275   125  330 1298  6  1 92  1  0
procs -----------memory---------- ---swap-- -----io---- -system-- ------cpu-----
 r  b   swpd   free   buff  cache   si   so    bi    bo   in   cs us sy id wa st
 0  0 544916 158060  52612 1740596    3    0     8   117  401 1503 10  1 88  0  0
procs -----------memory---------- ---swap-- -----io---- -system-- ------cpu-----
 r  b   swpd   free   buff  cache   si   so    bi    bo   in   cs us sy id wa st
 0  0 546480 138508  48300 1732312    6  107    47   203  490 1961 12  2 83  2  0
 0  0 548012 135004  46840 1709768    7  210    58   367  658 2265 16  3 80  2  0
 2  0 548088 128416  46936 1708964    5  110   193   206  765 2324 20  2 76  1  0
 0  0 548020 113584  46964 1713428   11    6   186   253  603 2144 18  2 79  1  0
 1  0 548000 116528  46972 1713396    9    0    11   221  456 1967 14  1 84  1  0
 4  0 548860 107044  46984 1699868    5   59     5   214  643 2602 21  2 77  0  0
 0  0 551040 121308  42008 1700288    7  206    22   379  801 2920 26  3 71  1  0
 3  0 551012 111596  42020 1696004    6  146    55   175  712 2773 22  3 74  1  0
 1  0 551000 118120  42064 1698508    2    0    99   185  679 2810 22  4 73  1  0
 0  0 550972 153052  42072 1703304    1    0    66   203  702 2846 23  3 73  0  0
 0  0 550940 154172  42096 1691888    4    0     8   206  541 2140 16  2 82  0  0
 1  0 549920 158984  42244 1688756   79    0   105   194  471 1803 14  1 84  1  0
 1  0 549868 165760  42260 1683868   80    0   106   198  533 1990 19  2 79  1  0
 1  0 549828 230048  42272 1680128    7    0     9   251  510 1894 17  1 82  0  0
 2  0 549812 203900  42320 1680148    5    0     6   236  640 2305 18  1 80  0  0
 0  0 549804 201240  42328 1687144    3    0     4   177  798 2835 26  2 71  0  0
 1  0 549780 214180  42348 1663736    2    0     3   168  705 2546 28  2 70  0  0
 1  0 549748 219372  43824 1664968    4    0   145   192  805 2207 38  2 59  1  0
 2  0 549724 206344  43856 1664764    5    0   158   232  923 2087 45  2 52  1  0
 5  0 549696 213340  43872 1663288    5    0    29   218  834 1774 42  2 56  1  0
 1  0 549500 193872  43880 1670860    6    0    23   168  860 1748 41  2 57  0  0
 2  1 549468 259120  44572 1666612   12    0   195   186 1111 2425 46  3 50  1  0
 3  0 549164 269000  44620 1659744   48    0   238   251 1137 2828 49  3 46  3  0
 2  0 540996 320372  44644 1658436  433    0   693   292 1124 3162 52  3 39  6  0
 1  1 532524 387344  44836 1646920  738    0  1022   145 1088 3005 46  3 36 16  0
 1  8 475976 1271508  45776 1626308  857    0  2020    98  947 2529 35  2 35 27  0
 0  8 354264 1546844  48456 1591592 2035    0  3354   501  877 2467 16  2 12 70  0
